[debug] [2019-11-25T16:09:56.030Z] ----------------------------------------------------------------------
[debug] [2019-11-25T16:09:56.033Z] Command:       C:\Program Files\nodejs\node.exe C:\Users\Melih\AppData\Roaming\npm\node_modules\firebase-tools\lib\bin\firebase.js init
[debug] [2019-11-25T16:09:56.033Z] CLI Version:   7.8.1
[debug] [2019-11-25T16:09:56.033Z] Platform:      win32
[debug] [2019-11-25T16:09:56.033Z] Node Version:  v11.10.0
[debug] [2019-11-25T16:09:56.035Z] Time:          Mon Nov 25 2019 17:09:56 GMT+0100 (GMT+01:00)
[debug] [2019-11-25T16:09:56.035Z] ----------------------------------------------------------------------
[debug] [2019-11-25T16:09:56.035Z] 
[debug] [2019-11-25T16:09:56.045Z] > command requires scopes: ["email","openid","https://www.googleapis.com/auth/cloudplatformprojects.readonly","https://www.googleapis.com/auth/firebase","https://www.googleapis.com/auth/cloud-platform"]
[debug] [2019-11-25T16:09:56.046Z] > authorizing via signed-in user
[info] 
     ######## #### ########  ######## ########     ###     ######  ########
     ##        ##  ##     ## ##       ##     ##  ##   ##  ##       ##
     ######    ##  ########  ######   ########  #########  ######  ######
     ##        ##  ##    ##  ##       ##     ## ##     ##       ## ##
     ##       #### ##     ## ######## ########  ##     ##  ######  ########

You're about to initialize a Firebase project in this directory:

  C:\Users\Melih\Desktop\angular\Angular

[info] 
=== Project Setup
[info] 
[info] First, let's associate this project directory with a Firebase project.
[info] You can create multiple project aliases by running firebase use --add, 
[info] but for now we'll just set up a default project.
[info] 
[info] i  If you want to create a project in a Google Cloud organization or folder, please use "firebase projects:create" instead, and return to this command when you've created the project.
[debug] [2019-11-25T16:10:47.523Z] > refreshing access token with scopes: ["email","https://www.googleapis.com/auth/cloud-platform","https://www.googleapis.com/auth/cloudplatformprojects.readonly","https://www.googleapis.com/auth/firebase","openid"]
[debug] [2019-11-25T16:10:47.524Z] >>> HTTP REQUEST POST https://www.googleapis.com/oauth2/v3/token  
 <request body omitted>
[debug] [2019-11-25T16:10:47.701Z] <<< HTTP RESPONSE 200
[debug] [2019-11-25T16:10:47.710Z] >>> HTTP REQUEST POST https://cloudresourcemanager.googleapis.com/v1/projects  

[debug] [2019-11-25T16:10:48.513Z] <<< HTTP RESPONSE 400
[debug] [2019-11-25T16:10:48.513Z] <<< HTTP RESPONSE BODY
[debug] [2019-11-25T16:10:48.525Z] HTTP Error: 400, field [project_id] has issue [project_id contains invalid characters]
[debug] [2019-11-25T16:10:48.666Z] FirebaseError: HTTP Error: 400, field [project_id] has issue [project_id contains invalid characters]
    at module.exports (C:\Users\Melih\AppData\Roaming\npm\node_modules\firebase-tools\lib\responseToError.js:38:12)
    at Request._callback (C:\Users\Melih\AppData\Roaming\npm\node_modules\firebase-tools\lib\api.js:39:35)
    at Request.self.callback (C:\Users\Melih\AppData\Roaming\npm\node_modules\firebase-tools\node_modules\request\request.js:185:22)
    at Request.emit (events.js:197:13)
    at Request.EventEmitter.emit (domain.js:446:20)
    at Request.<anonymous> (C:\Users\Melih\AppData\Roaming\npm\node_modules\firebase-tools\node_modules\request\request.js:1161:10)
    at Request.emit (events.js:197:13)
    at Request.EventEmitter.emit (domain.js:446:20)
    at IncomingMessage.<anonymous> (C:\Users\Melih\AppData\Roaming\npm\node_modules\firebase-tools\node_modules\request\request.js:1083:12)
    at Object.onceWrapper (events.js:285:13)
    at IncomingMessage.emit (events.js:202:15)
    at IncomingMessage.EventEmitter.emit (domain.js:446:20)
    at endReadableNT (_stream_readable.js:1129:12)
    at processTicksAndRejections (internal/process/next_tick.js:76:17)
[error] 
[error] Error: Failed to create Google Cloud project. See firebase-debug.log for more info.
